<?xml version="1.0" encoding="UTF-8"?>
<testng-results ignored="0" total="2" passed="2" failed="0" skipped="0">
  <reporter-output>
  </reporter-output>
  <suite started-at="2025-06-23T13:54:01 IST" name="Default suite" finished-at="2025-06-23T13:54:01 IST" duration-ms="137">
    <groups>
    </groups>
    <test started-at="2025-06-23T13:54:01 IST" name="Default test" finished-at="2025-06-23T13:54:01 IST" duration-ms="137">
      <class name="testNGprep.Annotations1">
        <test-method is-config="true" signature="open()[pri:0, instance:testNGprep.Annotations1@15de0b3c]" started-at="2025-06-23T13:54:01 IST" name="open" finished-at="2025-06-23T13:54:01 IST" duration-ms="23" status="PASS">
          <reporter-output>
          </reporter-output>
        </test-method> <!-- open -->
        <test-method is-config="true" signature="login()[pri:0, instance:testNGprep.Annotations1@15de0b3c]" started-at="2025-06-23T13:54:01 IST" name="login" finished-at="2025-06-23T13:54:01 IST" duration-ms="1" status="PASS">
          <reporter-output>
          </reporter-output>
        </test-method> <!-- login -->
        <test-method signature="search()[pri:1, instance:testNGprep.Annotations1@15de0b3c]" started-at="2025-06-23T13:54:01 IST" name="search" finished-at="2025-06-23T13:54:01 IST" duration-ms="21" status="PASS">
          <reporter-output>
          </reporter-output>
        </test-method> <!-- search -->
        <test-method is-config="true" signature="logout()[pri:0, instance:testNGprep.Annotations1@15de0b3c]" started-at="2025-06-23T13:54:01 IST" name="logout" finished-at="2025-06-23T13:54:01 IST" duration-ms="1" status="PASS">
          <reporter-output>
          </reporter-output>
        </test-method> <!-- logout -->
        <test-method is-config="true" signature="login()[pri:0, instance:testNGprep.Annotations1@15de0b3c]" started-at="2025-06-23T13:54:01 IST" name="login" finished-at="2025-06-23T13:54:01 IST" duration-ms="1" status="PASS">
          <reporter-output>
          </reporter-output>
        </test-method> <!-- login -->
        <test-method signature="Advsearch()[pri:2, instance:testNGprep.Annotations1@15de0b3c]" started-at="2025-06-23T13:54:01 IST" name="Advsearch" finished-at="2025-06-23T13:54:01 IST" duration-ms="4" status="PASS">
          <reporter-output>
          </reporter-output>
        </test-method> <!-- Advsearch -->
        <test-method is-config="true" signature="logout()[pri:0, instance:testNGprep.Annotations1@15de0b3c]" started-at="2025-06-23T13:54:01 IST" name="logout" finished-at="2025-06-23T13:54:01 IST" duration-ms="0" status="PASS">
          <reporter-output>
          </reporter-output>
        </test-method> <!-- logout -->
        <test-method is-config="true" signature="close()[pri:0, instance:testNGprep.Annotations1@15de0b3c]" started-at="2025-06-23T13:54:01 IST" name="close" finished-at="2025-06-23T13:54:01 IST" duration-ms="1" status="PASS">
          <reporter-output>
          </reporter-output>
        </test-method> <!-- close -->
      </class> <!-- testNGprep.Annotations1 -->
    </test> <!-- Default test -->
  </suite> <!-- Default suite -->
</testng-results>
